C:\code\SDL\SDL_LIBs\SDL_mixer-1.2.12\VisualC\timidity\x64\Release\cl.command.1.tlog
C:\code\SDL\SDL_LIBs\SDL_mixer-1.2.12\VisualC\timidity\x64\Release\CL.read.1.tlog
C:\code\SDL\SDL_LIBs\SDL_mixer-1.2.12\VisualC\timidity\x64\Release\CL.write.1.tlog
C:\CODE\SDL\SDL_LIBS\SDL_MIXER-1.2.12\VISUALC\TIMIDITY\X64\RELEASE\COMMON.OBJ
C:\CODE\SDL\SDL_LIBS\SDL_MIXER-1.2.12\VISUALC\TIMIDITY\X64\RELEASE\CTRLMODE.OBJ
C:\CODE\SDL\SDL_LIBS\SDL_MIXER-1.2.12\VISUALC\TIMIDITY\X64\RELEASE\FILTER.OBJ
C:\CODE\SDL\SDL_LIBS\SDL_MIXER-1.2.12\VISUALC\TIMIDITY\X64\RELEASE\INSTRUM.OBJ
C:\code\SDL\SDL_LIBs\SDL_mixer-1.2.12\VisualC\timidity\x64\Release\lib.command.1.tlog
C:\code\SDL\SDL_LIBs\SDL_mixer-1.2.12\VisualC\timidity\x64\Release\Lib-link.read.1.tlog
C:\code\SDL\SDL_LIBs\SDL_mixer-1.2.12\VisualC\timidity\x64\Release\Lib-link.write.1.tlog
C:\CODE\SDL\SDL_LIBS\SDL_MIXER-1.2.12\VISUALC\TIMIDITY\X64\RELEASE\MIX.OBJ
C:\CODE\SDL\SDL_LIBS\SDL_MIXER-1.2.12\VISUALC\TIMIDITY\X64\RELEASE\OUTPUT.OBJ
C:\CODE\SDL\SDL_LIBS\SDL_MIXER-1.2.12\VISUALC\TIMIDITY\X64\RELEASE\PLAYMIDI.OBJ
C:\CODE\SDL\SDL_LIBS\SDL_MIXER-1.2.12\VISUALC\TIMIDITY\X64\RELEASE\READMIDI.OBJ
C:\CODE\SDL\SDL_LIBS\SDL_MIXER-1.2.12\VISUALC\TIMIDITY\X64\RELEASE\RESAMPLE.OBJ
C:\CODE\SDL\SDL_LIBS\SDL_MIXER-1.2.12\VISUALC\TIMIDITY\X64\RELEASE\SDL_A.OBJ
C:\CODE\SDL\SDL_LIBS\SDL_MIXER-1.2.12\VISUALC\TIMIDITY\X64\RELEASE\SDL_C.OBJ
C:\CODE\SDL\SDL_LIBS\SDL_MIXER-1.2.12\VISUALC\TIMIDITY\X64\RELEASE\TABLES.OBJ
C:\CODE\SDL\SDL_LIBS\SDL_MIXER-1.2.12\VISUALC\TIMIDITY\X64\RELEASE\TIMIDITY.LIB
C:\CODE\SDL\SDL_LIBS\SDL_MIXER-1.2.12\VISUALC\TIMIDITY\X64\RELEASE\TIMIDITY.OBJ
C:\CODE\SDL\SDL_LIBS\SDL_MIXER-1.2.12\VISUALC\TIMIDITY\X64\RELEASE\VC100.PDB
