  analysis.c
  bitrate.c
  block.c
  codebook.c
  envelope.c
  floor0.c
  floor1.c
  info.c
..\..\..\lib\info.c(72): warning C4996: 'strcpy': This function or variable may be unsafe. Consider using strcpy_s instead. To disable deprecation, use _CRT_SECURE_NO_WARNINGS. See online help for details.
..\..\..\lib\info.c(79): warning C4996: 'strcpy': This function or variable may be unsafe. Consider using strcpy_s instead. To disable deprecation, use _CRT_SECURE_NO_WARNINGS. See online help for details.
..\..\..\lib\info.c(80): warning C4996: 'strcat': This function or variable may be unsafe. Consider using strcat_s instead. To disable deprecation, use _CRT_SECURE_NO_WARNINGS. See online help for details.
..\..\..\lib\info.c(81): warning C4996: 'strcat': This function or variable may be unsafe. Consider using strcat_s instead. To disable deprecation, use _CRT_SECURE_NO_WARNINGS. See online help for details.
..\..\..\lib\info.c(103): warning C4996: 'strcpy': This function or variable may be unsafe. Consider using strcpy_s instead. To disable deprecation, use _CRT_SECURE_NO_WARNINGS. See online help for details.
..\..\..\lib\info.c(104): warning C4996: 'strcat': This function or variable may be unsafe. Consider using strcat_s instead. To disable deprecation, use _CRT_SECURE_NO_WARNINGS. See online help for details.
..\..\..\lib\info.c(122): warning C4996: 'strcpy': This function or variable may be unsafe. Consider using strcpy_s instead. To disable deprecation, use _CRT_SECURE_NO_WARNINGS. See online help for details.
..\..\..\lib\info.c(123): warning C4996: 'strcat': This function or variable may be unsafe. Consider using strcat_s instead. To disable deprecation, use _CRT_SECURE_NO_WARNINGS. See online help for details.
  lookup.c
  lpc.c
  lsp.c
  mapping0.c
  mdct.c
  psy.c
  registry.c
  res0.c
  sharedbook.c
  smallft.c
  synthesis.c
  vorbisenc.c
  Compiling...
  window.c
     Creating library C:\Users\Spacerat\Desktop\GAME_VoxelMaster_Terrain\EXT_compile\libvorbis-1.3.4\win32\VS2010\x64\Release\libvorbis.lib and object C:\Users\Spacerat\Desktop\GAME_VoxelMaster_Terrain\EXT_compile\libvorbis-1.3.4\win32\VS2010\x64\Release\libvorbis.exp
  Generating code
  Finished generating code
  libvorbis_dynamic.vcxproj -> C:\Users\Spacerat\Desktop\GAME_VoxelMaster_Terrain\EXT_compile\libvorbis-1.3.4\win32\VS2010\x64\Release\libvorbis.dll
