C:\code\SDL\SDL_LIBs\SDL_mixer-1.2.12\VisualC\timidity\.\Release\timidity.lib
C:\code\SDL\SDL_LIBs\SDL_mixer-1.2.12\VisualC\timidity\Release\cl.command.1.tlog
C:\code\SDL\SDL_LIBs\SDL_mixer-1.2.12\VisualC\timidity\Release\CL.read.1.tlog
C:\code\SDL\SDL_LIBs\SDL_mixer-1.2.12\VisualC\timidity\Release\CL.write.1.tlog
C:\CODE\SDL\SDL_LIBS\SDL_MIXER-1.2.12\VISUALC\TIMIDITY\RELEASE\COMMON.OBJ
C:\CODE\SDL\SDL_LIBS\SDL_MIXER-1.2.12\VISUALC\TIMIDITY\RELEASE\CTRLMODE.OBJ
C:\CODE\SDL\SDL_LIBS\SDL_MIXER-1.2.12\VISUALC\TIMIDITY\RELEASE\FILTER.OBJ
C:\CODE\SDL\SDL_LIBS\SDL_MIXER-1.2.12\VISUALC\TIMIDITY\RELEASE\INSTRUM.OBJ
C:\code\SDL\SDL_LIBs\SDL_mixer-1.2.12\VisualC\timidity\Release\lib.command.1.tlog
C:\code\SDL\SDL_LIBs\SDL_mixer-1.2.12\VisualC\timidity\Release\Lib-link.read.1.tlog
C:\code\SDL\SDL_LIBs\SDL_mixer-1.2.12\VisualC\timidity\Release\Lib-link.write.1.tlog
C:\CODE\SDL\SDL_LIBS\SDL_MIXER-1.2.12\VISUALC\TIMIDITY\RELEASE\MIX.OBJ
C:\CODE\SDL\SDL_LIBS\SDL_MIXER-1.2.12\VISUALC\TIMIDITY\RELEASE\OUTPUT.OBJ
C:\CODE\SDL\SDL_LIBS\SDL_MIXER-1.2.12\VISUALC\TIMIDITY\RELEASE\PLAYMIDI.OBJ
C:\CODE\SDL\SDL_LIBS\SDL_MIXER-1.2.12\VISUALC\TIMIDITY\RELEASE\READMIDI.OBJ
C:\CODE\SDL\SDL_LIBS\SDL_MIXER-1.2.12\VISUALC\TIMIDITY\RELEASE\RESAMPLE.OBJ
C:\CODE\SDL\SDL_LIBS\SDL_MIXER-1.2.12\VISUALC\TIMIDITY\RELEASE\SDL_A.OBJ
C:\CODE\SDL\SDL_LIBS\SDL_MIXER-1.2.12\VISUALC\TIMIDITY\RELEASE\SDL_C.OBJ
C:\CODE\SDL\SDL_LIBS\SDL_MIXER-1.2.12\VISUALC\TIMIDITY\RELEASE\TABLES.OBJ
C:\CODE\SDL\SDL_LIBS\SDL_MIXER-1.2.12\VISUALC\TIMIDITY\RELEASE\TIMIDITY.LIB
C:\CODE\SDL\SDL_LIBS\SDL_MIXER-1.2.12\VISUALC\TIMIDITY\RELEASE\TIMIDITY.OBJ
C:\CODE\SDL\SDL_LIBS\SDL_MIXER-1.2.12\VISUALC\TIMIDITY\RELEASE\VC100.PDB
C:\code\SDL\SDL_LIBs\SDL_mixer-1.2.12\VisualC\timidity\Release\vc90.idb
