C:\code\GAME_VoxelMaster64\EXT_compile\SDL-1.2.15\VisualC\SDL\x64\Release\cl.command.1.tlog
C:\code\GAME_VoxelMaster64\EXT_compile\SDL-1.2.15\VisualC\SDL\x64\Release\CL.read.1.tlog
C:\code\GAME_VoxelMaster64\EXT_compile\SDL-1.2.15\VisualC\SDL\x64\Release\CL.write.1.tlog
C:\code\GAME_VoxelMaster64\EXT_compile\SDL-1.2.15\VisualC\SDL\x64\Release\link.command.1.tlog
C:\code\GAME_VoxelMaster64\EXT_compile\SDL-1.2.15\VisualC\SDL\x64\Release\link.read.1.tlog
C:\code\GAME_VoxelMaster64\EXT_compile\SDL-1.2.15\VisualC\SDL\x64\Release\link.write.1.tlog
C:\code\GAME_VoxelMaster64\EXT_compile\SDL-1.2.15\VisualC\SDL\x64\Release\SDL.obj
C:\code\GAME_VoxelMaster64\EXT_compile\SDL-1.2.15\VisualC\SDL\x64\Release\SDL_active.obj
C:\code\GAME_VoxelMaster64\EXT_compile\SDL-1.2.15\VisualC\SDL\x64\Release\SDL_audio.obj
C:\code\GAME_VoxelMaster64\EXT_compile\SDL-1.2.15\VisualC\SDL\x64\Release\SDL_audiocvt.obj
C:\code\GAME_VoxelMaster64\EXT_compile\SDL-1.2.15\VisualC\SDL\x64\Release\SDL_blit.obj
C:\code\GAME_VoxelMaster64\EXT_compile\SDL-1.2.15\VisualC\SDL\x64\Release\SDL_blit_0.obj
C:\code\GAME_VoxelMaster64\EXT_compile\SDL-1.2.15\VisualC\SDL\x64\Release\SDL_blit_1.obj
C:\code\GAME_VoxelMaster64\EXT_compile\SDL-1.2.15\VisualC\SDL\x64\Release\SDL_blit_A.obj
C:\code\GAME_VoxelMaster64\EXT_compile\SDL-1.2.15\VisualC\SDL\x64\Release\SDL_blit_N.obj
C:\code\GAME_VoxelMaster64\EXT_compile\SDL-1.2.15\VisualC\SDL\x64\Release\SDL_bmp.obj
C:\code\GAME_VoxelMaster64\EXT_compile\SDL-1.2.15\VisualC\SDL\x64\Release\SDL_cdrom.obj
C:\code\GAME_VoxelMaster64\EXT_compile\SDL-1.2.15\VisualC\SDL\x64\Release\SDL_cpuinfo.obj
C:\code\GAME_VoxelMaster64\EXT_compile\SDL-1.2.15\VisualC\SDL\x64\Release\SDL_cursor.obj
C:\code\GAME_VoxelMaster64\EXT_compile\SDL-1.2.15\VisualC\SDL\x64\Release\SDL_dibaudio.obj
C:\code\GAME_VoxelMaster64\EXT_compile\SDL-1.2.15\VisualC\SDL\x64\Release\SDL_dibevents.obj
C:\code\GAME_VoxelMaster64\EXT_compile\SDL-1.2.15\VisualC\SDL\x64\Release\SDL_dibvideo.obj
C:\code\GAME_VoxelMaster64\EXT_compile\SDL-1.2.15\VisualC\SDL\x64\Release\SDL_diskaudio.obj
C:\code\GAME_VoxelMaster64\EXT_compile\SDL-1.2.15\VisualC\SDL\x64\Release\SDL_dummyaudio.obj
C:\code\GAME_VoxelMaster64\EXT_compile\SDL-1.2.15\VisualC\SDL\x64\Release\SDL_dx5audio.obj
C:\code\GAME_VoxelMaster64\EXT_compile\SDL-1.2.15\VisualC\SDL\x64\Release\SDL_dx5events.obj
C:\code\GAME_VoxelMaster64\EXT_compile\SDL-1.2.15\VisualC\SDL\x64\Release\SDL_dx5video.obj
C:\code\GAME_VoxelMaster64\EXT_compile\SDL-1.2.15\VisualC\SDL\x64\Release\SDL_dx5yuv.obj
C:\code\GAME_VoxelMaster64\EXT_compile\SDL-1.2.15\VisualC\SDL\x64\Release\SDL_error.obj
C:\code\GAME_VoxelMaster64\EXT_compile\SDL-1.2.15\VisualC\SDL\x64\Release\SDL_events.obj
C:\code\GAME_VoxelMaster64\EXT_compile\SDL-1.2.15\VisualC\SDL\x64\Release\SDL_expose.obj
C:\code\GAME_VoxelMaster64\EXT_compile\SDL-1.2.15\VisualC\SDL\x64\Release\SDL_fatal.obj
C:\code\GAME_VoxelMaster64\EXT_compile\SDL-1.2.15\VisualC\SDL\x64\Release\SDL_gamma.obj
C:\code\GAME_VoxelMaster64\EXT_compile\SDL-1.2.15\VisualC\SDL\x64\Release\SDL_getenv.obj
C:\code\GAME_VoxelMaster64\EXT_compile\SDL-1.2.15\VisualC\SDL\x64\Release\SDL_iconv.obj
C:\code\GAME_VoxelMaster64\EXT_compile\SDL-1.2.15\VisualC\SDL\x64\Release\SDL_joystick.obj
C:\code\GAME_VoxelMaster64\EXT_compile\SDL-1.2.15\VisualC\SDL\x64\Release\SDL_keyboard.obj
C:\code\GAME_VoxelMaster64\EXT_compile\SDL-1.2.15\VisualC\SDL\x64\Release\SDL_malloc.obj
C:\code\GAME_VoxelMaster64\EXT_compile\SDL-1.2.15\VisualC\SDL\x64\Release\SDL_mixer.obj
C:\code\GAME_VoxelMaster64\EXT_compile\SDL-1.2.15\VisualC\SDL\x64\Release\SDL_mixer_MMX_VC.obj
C:\code\GAME_VoxelMaster64\EXT_compile\SDL-1.2.15\VisualC\SDL\x64\Release\SDL_mmjoystick.obj
C:\code\GAME_VoxelMaster64\EXT_compile\SDL-1.2.15\VisualC\SDL\x64\Release\SDL_mouse.obj
C:\code\GAME_VoxelMaster64\EXT_compile\SDL-1.2.15\VisualC\SDL\x64\Release\SDL_nullevents.obj
C:\code\GAME_VoxelMaster64\EXT_compile\SDL-1.2.15\VisualC\SDL\x64\Release\SDL_nullmouse.obj
C:\code\GAME_VoxelMaster64\EXT_compile\SDL-1.2.15\VisualC\SDL\x64\Release\SDL_nullvideo.obj
C:\code\GAME_VoxelMaster64\EXT_compile\SDL-1.2.15\VisualC\SDL\x64\Release\SDL_pixels.obj
C:\code\GAME_VoxelMaster64\EXT_compile\SDL-1.2.15\VisualC\SDL\x64\Release\SDL_qsort.obj
C:\code\GAME_VoxelMaster64\EXT_compile\SDL-1.2.15\VisualC\SDL\x64\Release\SDL_quit.obj
C:\code\GAME_VoxelMaster64\EXT_compile\SDL-1.2.15\VisualC\SDL\x64\Release\SDL_resize.obj
C:\code\GAME_VoxelMaster64\EXT_compile\SDL-1.2.15\VisualC\SDL\x64\Release\SDL_RLEaccel.obj
C:\code\GAME_VoxelMaster64\EXT_compile\SDL-1.2.15\VisualC\SDL\x64\Release\SDL_rwops.obj
C:\code\GAME_VoxelMaster64\EXT_compile\SDL-1.2.15\VisualC\SDL\x64\Release\SDL_stdlib.obj
C:\code\GAME_VoxelMaster64\EXT_compile\SDL-1.2.15\VisualC\SDL\x64\Release\SDL_stretch.obj
C:\code\GAME_VoxelMaster64\EXT_compile\SDL-1.2.15\VisualC\SDL\x64\Release\SDL_string.obj
C:\code\GAME_VoxelMaster64\EXT_compile\SDL-1.2.15\VisualC\SDL\x64\Release\SDL_surface.obj
C:\code\GAME_VoxelMaster64\EXT_compile\SDL-1.2.15\VisualC\SDL\x64\Release\SDL_syscdrom.obj
C:\code\GAME_VoxelMaster64\EXT_compile\SDL-1.2.15\VisualC\SDL\x64\Release\SDL_syscond.obj
C:\code\GAME_VoxelMaster64\EXT_compile\SDL-1.2.15\VisualC\SDL\x64\Release\SDL_sysevents.obj
C:\code\GAME_VoxelMaster64\EXT_compile\SDL-1.2.15\VisualC\SDL\x64\Release\SDL_sysloadso.obj
C:\code\GAME_VoxelMaster64\EXT_compile\SDL-1.2.15\VisualC\SDL\x64\Release\SDL_sysmouse.obj
C:\code\GAME_VoxelMaster64\EXT_compile\SDL-1.2.15\VisualC\SDL\x64\Release\SDL_sysmutex.obj
C:\code\GAME_VoxelMaster64\EXT_compile\SDL-1.2.15\VisualC\SDL\x64\Release\SDL_syssem.obj
C:\code\GAME_VoxelMaster64\EXT_compile\SDL-1.2.15\VisualC\SDL\x64\Release\SDL_systhread.obj
C:\code\GAME_VoxelMaster64\EXT_compile\SDL-1.2.15\VisualC\SDL\x64\Release\SDL_systimer.obj
C:\code\GAME_VoxelMaster64\EXT_compile\SDL-1.2.15\VisualC\SDL\x64\Release\SDL_syswm.obj
C:\code\GAME_VoxelMaster64\EXT_compile\SDL-1.2.15\VisualC\SDL\x64\Release\SDL_thread.obj
C:\code\GAME_VoxelMaster64\EXT_compile\SDL-1.2.15\VisualC\SDL\x64\Release\SDL_timer.obj
C:\code\GAME_VoxelMaster64\EXT_compile\SDL-1.2.15\VisualC\SDL\x64\Release\SDL_video.obj
C:\code\GAME_VoxelMaster64\EXT_compile\SDL-1.2.15\VisualC\SDL\x64\Release\SDL_wave.obj
C:\code\GAME_VoxelMaster64\EXT_compile\SDL-1.2.15\VisualC\SDL\x64\Release\SDL_wingl.obj
C:\code\GAME_VoxelMaster64\EXT_compile\SDL-1.2.15\VisualC\SDL\x64\Release\SDL_yuv.obj
C:\code\GAME_VoxelMaster64\EXT_compile\SDL-1.2.15\VisualC\SDL\x64\Release\SDL_yuv_sw.obj
C:\code\GAME_VoxelMaster64\EXT_compile\SDL-1.2.15\VisualC\SDL\x64\Release\vc100.pdb
C:\CODE\SDL\SDL_LIBS\SDL-1.2.15\VISUALC\SDL\X64\RELEASE\SDL.OBJ
C:\CODE\SDL\SDL_LIBS\SDL-1.2.15\VISUALC\SDL\X64\RELEASE\SDL_ACTIVE.OBJ
C:\CODE\SDL\SDL_LIBS\SDL-1.2.15\VISUALC\SDL\X64\RELEASE\SDL_AUDIO.OBJ
C:\CODE\SDL\SDL_LIBS\SDL-1.2.15\VISUALC\SDL\X64\RELEASE\SDL_AUDIOCVT.OBJ
C:\CODE\SDL\SDL_LIBS\SDL-1.2.15\VISUALC\SDL\X64\RELEASE\SDL_BLIT.OBJ
C:\CODE\SDL\SDL_LIBS\SDL-1.2.15\VISUALC\SDL\X64\RELEASE\SDL_BLIT_0.OBJ
C:\CODE\SDL\SDL_LIBS\SDL-1.2.15\VISUALC\SDL\X64\RELEASE\SDL_BLIT_1.OBJ
C:\CODE\SDL\SDL_LIBS\SDL-1.2.15\VISUALC\SDL\X64\RELEASE\SDL_BLIT_A.OBJ
C:\CODE\SDL\SDL_LIBS\SDL-1.2.15\VISUALC\SDL\X64\RELEASE\SDL_BLIT_N.OBJ
C:\CODE\SDL\SDL_LIBS\SDL-1.2.15\VISUALC\SDL\X64\RELEASE\SDL_BMP.OBJ
C:\CODE\SDL\SDL_LIBS\SDL-1.2.15\VISUALC\SDL\X64\RELEASE\SDL_CDROM.OBJ
C:\CODE\SDL\SDL_LIBS\SDL-1.2.15\VISUALC\SDL\X64\RELEASE\SDL_CPUINFO.OBJ
C:\CODE\SDL\SDL_LIBS\SDL-1.2.15\VISUALC\SDL\X64\RELEASE\SDL_CURSOR.OBJ
C:\CODE\SDL\SDL_LIBS\SDL-1.2.15\VISUALC\SDL\X64\RELEASE\SDL_DIBAUDIO.OBJ
C:\CODE\SDL\SDL_LIBS\SDL-1.2.15\VISUALC\SDL\X64\RELEASE\SDL_DIBEVENTS.OBJ
C:\CODE\SDL\SDL_LIBS\SDL-1.2.15\VISUALC\SDL\X64\RELEASE\SDL_DIBVIDEO.OBJ
C:\CODE\SDL\SDL_LIBS\SDL-1.2.15\VISUALC\SDL\X64\RELEASE\SDL_DISKAUDIO.OBJ
C:\CODE\SDL\SDL_LIBS\SDL-1.2.15\VISUALC\SDL\X64\RELEASE\SDL_DUMMYAUDIO.OBJ
C:\CODE\SDL\SDL_LIBS\SDL-1.2.15\VISUALC\SDL\X64\RELEASE\SDL_DX5AUDIO.OBJ
C:\CODE\SDL\SDL_LIBS\SDL-1.2.15\VISUALC\SDL\X64\RELEASE\SDL_DX5EVENTS.OBJ
C:\CODE\SDL\SDL_LIBS\SDL-1.2.15\VISUALC\SDL\X64\RELEASE\SDL_DX5VIDEO.OBJ
C:\CODE\SDL\SDL_LIBS\SDL-1.2.15\VISUALC\SDL\X64\RELEASE\SDL_DX5YUV.OBJ
C:\CODE\SDL\SDL_LIBS\SDL-1.2.15\VISUALC\SDL\X64\RELEASE\SDL_ERROR.OBJ
C:\CODE\SDL\SDL_LIBS\SDL-1.2.15\VISUALC\SDL\X64\RELEASE\SDL_EVENTS.OBJ
C:\CODE\SDL\SDL_LIBS\SDL-1.2.15\VISUALC\SDL\X64\RELEASE\SDL_EXPOSE.OBJ
C:\CODE\SDL\SDL_LIBS\SDL-1.2.15\VISUALC\SDL\X64\RELEASE\SDL_FATAL.OBJ
C:\CODE\SDL\SDL_LIBS\SDL-1.2.15\VISUALC\SDL\X64\RELEASE\SDL_GAMMA.OBJ
C:\CODE\SDL\SDL_LIBS\SDL-1.2.15\VISUALC\SDL\X64\RELEASE\SDL_GETENV.OBJ
C:\CODE\SDL\SDL_LIBS\SDL-1.2.15\VISUALC\SDL\X64\RELEASE\SDL_ICONV.OBJ
C:\CODE\SDL\SDL_LIBS\SDL-1.2.15\VISUALC\SDL\X64\RELEASE\SDL_JOYSTICK.OBJ
C:\CODE\SDL\SDL_LIBS\SDL-1.2.15\VISUALC\SDL\X64\RELEASE\SDL_KEYBOARD.OBJ
C:\CODE\SDL\SDL_LIBS\SDL-1.2.15\VISUALC\SDL\X64\RELEASE\SDL_MALLOC.OBJ
C:\CODE\SDL\SDL_LIBS\SDL-1.2.15\VISUALC\SDL\X64\RELEASE\SDL_MIXER.OBJ
C:\CODE\SDL\SDL_LIBS\SDL-1.2.15\VISUALC\SDL\X64\RELEASE\SDL_MIXER_MMX_VC.OBJ
C:\CODE\SDL\SDL_LIBS\SDL-1.2.15\VISUALC\SDL\X64\RELEASE\SDL_MMJOYSTICK.OBJ
C:\CODE\SDL\SDL_LIBS\SDL-1.2.15\VISUALC\SDL\X64\RELEASE\SDL_MOUSE.OBJ
C:\CODE\SDL\SDL_LIBS\SDL-1.2.15\VISUALC\SDL\X64\RELEASE\SDL_NULLEVENTS.OBJ
C:\CODE\SDL\SDL_LIBS\SDL-1.2.15\VISUALC\SDL\X64\RELEASE\SDL_NULLMOUSE.OBJ
C:\CODE\SDL\SDL_LIBS\SDL-1.2.15\VISUALC\SDL\X64\RELEASE\SDL_NULLVIDEO.OBJ
C:\CODE\SDL\SDL_LIBS\SDL-1.2.15\VISUALC\SDL\X64\RELEASE\SDL_PIXELS.OBJ
C:\CODE\SDL\SDL_LIBS\SDL-1.2.15\VISUALC\SDL\X64\RELEASE\SDL_QSORT.OBJ
C:\CODE\SDL\SDL_LIBS\SDL-1.2.15\VISUALC\SDL\X64\RELEASE\SDL_QUIT.OBJ
C:\CODE\SDL\SDL_LIBS\SDL-1.2.15\VISUALC\SDL\X64\RELEASE\SDL_RESIZE.OBJ
C:\CODE\SDL\SDL_LIBS\SDL-1.2.15\VISUALC\SDL\X64\RELEASE\SDL_RLEACCEL.OBJ
C:\CODE\SDL\SDL_LIBS\SDL-1.2.15\VISUALC\SDL\X64\RELEASE\SDL_RWOPS.OBJ
C:\CODE\SDL\SDL_LIBS\SDL-1.2.15\VISUALC\SDL\X64\RELEASE\SDL_STDLIB.OBJ
C:\CODE\SDL\SDL_LIBS\SDL-1.2.15\VISUALC\SDL\X64\RELEASE\SDL_STRETCH.OBJ
C:\CODE\SDL\SDL_LIBS\SDL-1.2.15\VISUALC\SDL\X64\RELEASE\SDL_STRING.OBJ
C:\CODE\SDL\SDL_LIBS\SDL-1.2.15\VISUALC\SDL\X64\RELEASE\SDL_SURFACE.OBJ
C:\CODE\SDL\SDL_LIBS\SDL-1.2.15\VISUALC\SDL\X64\RELEASE\SDL_SYSCDROM.OBJ
C:\CODE\SDL\SDL_LIBS\SDL-1.2.15\VISUALC\SDL\X64\RELEASE\SDL_SYSCOND.OBJ
C:\CODE\SDL\SDL_LIBS\SDL-1.2.15\VISUALC\SDL\X64\RELEASE\SDL_SYSEVENTS.OBJ
C:\CODE\SDL\SDL_LIBS\SDL-1.2.15\VISUALC\SDL\X64\RELEASE\SDL_SYSLOADSO.OBJ
C:\CODE\SDL\SDL_LIBS\SDL-1.2.15\VISUALC\SDL\X64\RELEASE\SDL_SYSMOUSE.OBJ
C:\CODE\SDL\SDL_LIBS\SDL-1.2.15\VISUALC\SDL\X64\RELEASE\SDL_SYSMUTEX.OBJ
C:\CODE\SDL\SDL_LIBS\SDL-1.2.15\VISUALC\SDL\X64\RELEASE\SDL_SYSSEM.OBJ
C:\CODE\SDL\SDL_LIBS\SDL-1.2.15\VISUALC\SDL\X64\RELEASE\SDL_SYSTHREAD.OBJ
C:\CODE\SDL\SDL_LIBS\SDL-1.2.15\VISUALC\SDL\X64\RELEASE\SDL_SYSTIMER.OBJ
C:\CODE\SDL\SDL_LIBS\SDL-1.2.15\VISUALC\SDL\X64\RELEASE\SDL_SYSWM.OBJ
C:\CODE\SDL\SDL_LIBS\SDL-1.2.15\VISUALC\SDL\X64\RELEASE\SDL_THREAD.OBJ
C:\CODE\SDL\SDL_LIBS\SDL-1.2.15\VISUALC\SDL\X64\RELEASE\SDL_TIMER.OBJ
C:\CODE\SDL\SDL_LIBS\SDL-1.2.15\VISUALC\SDL\X64\RELEASE\SDL_VIDEO.OBJ
C:\CODE\SDL\SDL_LIBS\SDL-1.2.15\VISUALC\SDL\X64\RELEASE\SDL_WAVE.OBJ
C:\CODE\SDL\SDL_LIBS\SDL-1.2.15\VISUALC\SDL\X64\RELEASE\SDL_WINGL.OBJ
C:\CODE\SDL\SDL_LIBS\SDL-1.2.15\VISUALC\SDL\X64\RELEASE\SDL_YUV.OBJ
C:\CODE\SDL\SDL_LIBS\SDL-1.2.15\VISUALC\SDL\X64\RELEASE\SDL_YUV_SW.OBJ
C:\CODE\SDL\SDL_LIBS\SDL-1.2.15\VISUALC\SDL\X64\RELEASE\VC100.PDB
