  vorbisfile.c
..\..\..\lib\vorbisfile.c(72): warning C4267: 'initializing' : conversion from 'size_t' to 'long', possible loss of data
..\..\..\lib\vorbisfile.c(259): warning C4244: 'function' : conversion from 'ogg_int64_t' to 'long', possible loss of data
..\..\..\lib\vorbisfile.c(273): warning C4244: '=' : conversion from 'ogg_int64_t' to 'int', possible loss of data
..\..\..\lib\vorbisfile.c(539): warning C4244: 'return' : conversion from 'ogg_int64_t' to 'int', possible loss of data
..\..\..\lib\vorbisfile.c(566): warning C4244: 'return' : conversion from 'ogg_int64_t' to 'int', possible loss of data
..\..\..\lib\vorbisfile.c(570): warning C4244: 'return' : conversion from 'ogg_int64_t' to 'int', possible loss of data
..\..\..\lib\vorbisfile.c(580): warning C4244: 'return' : conversion from 'ogg_int64_t' to 'int', possible loss of data
..\..\..\lib\vorbisfile.c(642): warning C4244: 'return' : conversion from 'ogg_int64_t' to 'int', possible loss of data
..\..\..\lib\vorbisfile.c(875): warning C4244: 'function' : conversion from 'ogg_int64_t' to 'long', possible loss of data
..\..\..\lib\vorbisfile.c(1013): warning C4996: 'fopen': This function or variable may be unsafe. Consider using fopen_s instead. To disable deprecation, use _CRT_SECURE_NO_WARNINGS. See online help for details.
          c:\Program Files (x86)\Microsoft Visual Studio 10.0\VC\include\stdio.h(234) : see declaration of 'fopen'
..\..\..\lib\vorbisfile.c(1119): warning C4244: '=' : conversion from 'double' to 'float', possible loss of data
..\..\..\lib\vorbisfile.c(1120): warning C4244: 'return' : conversion from 'double' to 'long', possible loss of data
..\..\..\lib\vorbisfile.c(1124): warning C4244: 'return' : conversion from 'double' to 'long', possible loss of data
..\..\..\lib\vorbisfile.c(1152): warning C4244: '=' : conversion from 'double' to 'long', possible loss of data
..\..\..\lib\vorbisfile.c(1680): warning C4244: '=' : conversion from 'ogg_int64_t' to 'long', possible loss of data
..\..\..\lib\vorbisfile.c(1717): warning C4244: 'initializing' : conversion from 'double' to 'ogg_int64_t', possible loss of data
..\..\..\lib\vorbisfile.c(1747): warning C4244: 'initializing' : conversion from 'double' to 'ogg_int64_t', possible loss of data
..\..\..\lib\vorbisfile.c(2083): warning C4244: 'initializing' : conversion from 'double' to 'float', possible loss of data
     Creating library C:\Users\Spacerat\Desktop\GAME_VoxelMaster_Terrain\EXT_compile\libvorbis-1.3.4\win32\VS2010\x64\Release\libvorbisfile.lib and object C:\Users\Spacerat\Desktop\GAME_VoxelMaster_Terrain\EXT_compile\libvorbis-1.3.4\win32\VS2010\x64\Release\libvorbisfile.exp
  libvorbisfile_dynamic.vcxproj -> C:\Users\Spacerat\Desktop\GAME_VoxelMaster_Terrain\EXT_compile\libvorbis-1.3.4\win32\VS2010\x64\Release\libvorbisfile.dll
