C:\code\SDL\SDL_LIBs\SDL_image-1.2.12\VisualC\x64\Release\cl.command.1.tlog
C:\code\SDL\SDL_LIBs\SDL_image-1.2.12\VisualC\x64\Release\CL.read.1.tlog
C:\code\SDL\SDL_LIBs\SDL_image-1.2.12\VisualC\x64\Release\CL.write.1.tlog
C:\CODE\SDL\SDL_LIBS\SDL_IMAGE-1.2.12\VISUALC\X64\RELEASE\IMG.OBJ
C:\CODE\SDL\SDL_LIBS\SDL_IMAGE-1.2.12\VISUALC\X64\RELEASE\IMG_BMP.OBJ
C:\CODE\SDL\SDL_LIBS\SDL_IMAGE-1.2.12\VISUALC\X64\RELEASE\IMG_GIF.OBJ
C:\CODE\SDL\SDL_LIBS\SDL_IMAGE-1.2.12\VISUALC\X64\RELEASE\IMG_JPG.OBJ
C:\CODE\SDL\SDL_LIBS\SDL_IMAGE-1.2.12\VISUALC\X64\RELEASE\IMG_LBM.OBJ
C:\CODE\SDL\SDL_LIBS\SDL_IMAGE-1.2.12\VISUALC\X64\RELEASE\IMG_PCX.OBJ
C:\CODE\SDL\SDL_LIBS\SDL_IMAGE-1.2.12\VISUALC\X64\RELEASE\IMG_PNG.OBJ
C:\CODE\SDL\SDL_LIBS\SDL_IMAGE-1.2.12\VISUALC\X64\RELEASE\IMG_PNM.OBJ
C:\CODE\SDL\SDL_LIBS\SDL_IMAGE-1.2.12\VISUALC\X64\RELEASE\IMG_TGA.OBJ
C:\CODE\SDL\SDL_LIBS\SDL_IMAGE-1.2.12\VISUALC\X64\RELEASE\IMG_TIF.OBJ
C:\CODE\SDL\SDL_LIBS\SDL_IMAGE-1.2.12\VISUALC\X64\RELEASE\IMG_WEBP.OBJ
C:\CODE\SDL\SDL_LIBS\SDL_IMAGE-1.2.12\VISUALC\X64\RELEASE\IMG_XCF.OBJ
C:\CODE\SDL\SDL_LIBS\SDL_IMAGE-1.2.12\VISUALC\X64\RELEASE\IMG_XPM.OBJ
C:\CODE\SDL\SDL_LIBS\SDL_IMAGE-1.2.12\VISUALC\X64\RELEASE\IMG_XV.OBJ
C:\CODE\SDL\SDL_LIBS\SDL_IMAGE-1.2.12\VISUALC\X64\RELEASE\IMG_XXX.OBJ
C:\code\SDL\SDL_LIBs\SDL_image-1.2.12\VisualC\x64\Release\link.command.1.tlog
C:\code\SDL\SDL_LIBs\SDL_image-1.2.12\VisualC\x64\Release\link.read.1.tlog
C:\code\SDL\SDL_LIBs\SDL_image-1.2.12\VisualC\x64\Release\link.write.1.tlog
C:\code\SDL\SDL_LIBs\SDL_image-1.2.12\VisualC\x64\Release\rc.command.1.tlog
C:\code\SDL\SDL_LIBs\SDL_image-1.2.12\VisualC\x64\Release\rc.read.1.tlog
C:\code\SDL\SDL_LIBs\SDL_image-1.2.12\VisualC\x64\Release\rc.write.1.tlog
C:\CODE\SDL\SDL_LIBS\SDL_IMAGE-1.2.12\VISUALC\X64\RELEASE\VC100.PDB
C:\CODE\SDL\SDL_LIBS\SDL_IMAGE-1.2.12\VISUALC\X64\RELEASE\VERSION.RES
