C:\code\SDL\SDL_LIBs\SDL_mixer-1.2.12\VisualC\x64\Release\cl.command.1.tlog
C:\code\SDL\SDL_LIBs\SDL_mixer-1.2.12\VisualC\x64\Release\CL.read.1.tlog
C:\code\SDL\SDL_LIBs\SDL_mixer-1.2.12\VisualC\x64\Release\CL.write.1.tlog
C:\CODE\SDL\SDL_LIBS\SDL_MIXER-1.2.12\VISUALC\X64\RELEASE\DYNAMIC_FLAC.OBJ
C:\CODE\SDL\SDL_LIBS\SDL_MIXER-1.2.12\VISUALC\X64\RELEASE\DYNAMIC_FLUIDSYNTH.OBJ
C:\CODE\SDL\SDL_LIBS\SDL_MIXER-1.2.12\VISUALC\X64\RELEASE\DYNAMIC_MOD.OBJ
C:\CODE\SDL\SDL_LIBS\SDL_MIXER-1.2.12\VISUALC\X64\RELEASE\DYNAMIC_MP3.OBJ
C:\CODE\SDL\SDL_LIBS\SDL_MIXER-1.2.12\VISUALC\X64\RELEASE\DYNAMIC_OGG.OBJ
C:\CODE\SDL\SDL_LIBS\SDL_MIXER-1.2.12\VISUALC\X64\RELEASE\EFFECT_POSITION.OBJ
C:\CODE\SDL\SDL_LIBS\SDL_MIXER-1.2.12\VISUALC\X64\RELEASE\EFFECT_STEREOREVERSE.OBJ
C:\CODE\SDL\SDL_LIBS\SDL_MIXER-1.2.12\VISUALC\X64\RELEASE\EFFECTS_INTERNAL.OBJ
C:\CODE\SDL\SDL_LIBS\SDL_MIXER-1.2.12\VISUALC\X64\RELEASE\FLUIDSYNTH.OBJ
C:\code\SDL\SDL_LIBs\SDL_mixer-1.2.12\VisualC\x64\Release\link.command.1.tlog
C:\code\SDL\SDL_LIBs\SDL_mixer-1.2.12\VisualC\x64\Release\link.read.1.tlog
C:\code\SDL\SDL_LIBs\SDL_mixer-1.2.12\VisualC\x64\Release\link.write.1.tlog
C:\CODE\SDL\SDL_LIBS\SDL_MIXER-1.2.12\VISUALC\X64\RELEASE\LOAD_AIFF.OBJ
C:\CODE\SDL\SDL_LIBS\SDL_MIXER-1.2.12\VISUALC\X64\RELEASE\LOAD_FLAC.OBJ
C:\CODE\SDL\SDL_LIBS\SDL_MIXER-1.2.12\VISUALC\X64\RELEASE\LOAD_OGG.OBJ
C:\CODE\SDL\SDL_LIBS\SDL_MIXER-1.2.12\VISUALC\X64\RELEASE\LOAD_VOC.OBJ
C:\CODE\SDL\SDL_LIBS\SDL_MIXER-1.2.12\VISUALC\X64\RELEASE\MIXER.OBJ
C:\CODE\SDL\SDL_LIBS\SDL_MIXER-1.2.12\VISUALC\X64\RELEASE\MUSIC.OBJ
C:\CODE\SDL\SDL_LIBS\SDL_MIXER-1.2.12\VISUALC\X64\RELEASE\MUSIC_CMD.OBJ
C:\CODE\SDL\SDL_LIBS\SDL_MIXER-1.2.12\VISUALC\X64\RELEASE\MUSIC_FLAC.OBJ
C:\CODE\SDL\SDL_LIBS\SDL_MIXER-1.2.12\VISUALC\X64\RELEASE\MUSIC_MAD.OBJ
C:\CODE\SDL\SDL_LIBS\SDL_MIXER-1.2.12\VISUALC\X64\RELEASE\MUSIC_MOD.OBJ
C:\CODE\SDL\SDL_LIBS\SDL_MIXER-1.2.12\VISUALC\X64\RELEASE\MUSIC_OGG.OBJ
C:\code\SDL\SDL_LIBs\SDL_mixer-1.2.12\VisualC\x64\Release\rc.command.1.tlog
C:\code\SDL\SDL_LIBs\SDL_mixer-1.2.12\VisualC\x64\Release\rc.read.1.tlog
C:\code\SDL\SDL_LIBs\SDL_mixer-1.2.12\VisualC\x64\Release\rc.write.1.tlog
C:\code\SDL\SDL_LIBs\SDL_mixer-1.2.12\VisualC\x64\Release\SDL_mixer.write.1.tlog
C:\CODE\SDL\SDL_LIBS\SDL_MIXER-1.2.12\VISUALC\X64\RELEASE\VC100.PDB
C:\CODE\SDL\SDL_LIBS\SDL_MIXER-1.2.12\VISUALC\X64\RELEASE\VERSION.RES
C:\CODE\SDL\SDL_LIBS\SDL_MIXER-1.2.12\VISUALC\X64\RELEASE\WAVESTREAM.OBJ
