14:28:10: Skeleton: Loading ogre.skeleton
14:28:10: OGRE EXCEPTION(6:FileNotFoundException): Cannot locate resource ogre.skeleton in resource group General or any other group. in ResourceGroupManager::openResource at ..\..\..\..\Program Files (x86)\ogre_src_v1-7-2\OgreMain\src\OgreResourceGroupManager.cpp (line 753)
14:28:10: Unable to load skeleton ogre.skeleton for Mesh mayaExport. This Mesh will not be animated. You can ignore this message if you are using an offline tool.
14:28:10: MeshSerializer writing mesh data to C:\Users\Spacerat\Desktop\New folder\Terrain_ogreanim\data\turrican\ogre.mesh...
14:28:10: File header written.
14:28:10: Writing mesh data...
14:28:10: Writing submesh...
14:28:10: Exporting submesh texture aliases...
14:28:10: Submesh texture aliases exported.
14:28:10: Exporting dedicated geometry bone assignments...
14:28:10: Dedicated geometry bone assignments exported.
14:28:10: Submesh exported.
14:28:10: Writing submesh...
14:28:10: Exporting submesh texture aliases...
14:28:10: Submesh texture aliases exported.
14:28:10: Exporting dedicated geometry bone assignments...
14:28:10: Dedicated geometry bone assignments exported.
14:28:10: Submesh exported.
14:28:10: Writing submesh...
14:28:10: Exporting submesh texture aliases...
14:28:10: Submesh texture aliases exported.
14:28:10: Exporting dedicated geometry bone assignments...
14:28:10: Dedicated geometry bone assignments exported.
14:28:10: Submesh exported.
14:28:10: Writing submesh...
14:28:10: Exporting submesh texture aliases...
14:28:10: Submesh texture aliases exported.
14:28:10: Exporting dedicated geometry bone assignments...
14:28:10: Dedicated geometry bone assignments exported.
14:28:10: Submesh exported.
14:28:10: Writing submesh...
14:28:10: Exporting submesh texture aliases...
14:28:10: Submesh texture aliases exported.
14:28:10: Exporting dedicated geometry bone assignments...
14:28:10: Dedicated geometry bone assignments exported.
14:28:10: Submesh exported.
14:28:10: Writing submesh...
14:28:10: Exporting submesh texture aliases...
14:28:10: Submesh texture aliases exported.
14:28:10: Exporting dedicated geometry bone assignments...
14:28:10: Dedicated geometry bone assignments exported.
14:28:10: Submesh exported.
14:28:10: Writing submesh...
14:28:10: Exporting submesh texture aliases...
14:28:10: Submesh texture aliases exported.
14:28:10: Exporting dedicated geometry bone assignments...
14:28:10: Dedicated geometry bone assignments exported.
14:28:10: Submesh exported.
14:28:10: Writing submesh...
14:28:10: Exporting submesh texture aliases...
14:28:10: Submesh texture aliases exported.
14:28:10: Exporting dedicated geometry bone assignments...
14:28:10: Dedicated geometry bone assignments exported.
14:28:10: Submesh exported.
14:28:10: Exporting skeleton link...
14:28:10: Skeleton link exported.
14:28:10: Exporting bounds information....
14:28:10: Bounds information exported.
14:28:10: Exporting submesh name table...
14:28:10: Submesh name table exported.
14:28:10: Mesh data exported.
14:28:10: MeshSerializer export successful.
14:28:10: Exporting bones..
14:28:10: Bones exported.
14:28:10: Exporting animations, count=2
14:28:10: Exporting animation: idle
14:28:10: Animation exported.
14:28:10: Exporting animation: run
14:28:10: Animation exported.
14:28:10: Unregistering ResourceManager for type Material
14:28:10: Unregistering ResourceManager for type Skeleton
14:28:10: Unregistering ResourceManager for type Mesh
