C:\CODE\GAME_VOXELMASTER64\EXT_COMPILE\7Z\X64\RELEASE\7Z_IMAGE.VCXPROJ.LIB
C:\CODE\GAME_VOXELMASTER64\EXT_COMPILE\7Z\X64\RELEASE\7ZALLOC.OBJ
C:\CODE\GAME_VOXELMASTER64\EXT_COMPILE\7Z\X64\RELEASE\7ZBUF.OBJ
C:\CODE\GAME_VOXELMASTER64\EXT_COMPILE\7Z\X64\RELEASE\7ZBUF2.OBJ
C:\CODE\GAME_VOXELMASTER64\EXT_COMPILE\7Z\X64\RELEASE\7ZCRC.OBJ
C:\CODE\GAME_VOXELMASTER64\EXT_COMPILE\7Z\X64\RELEASE\7ZCRCOPT.OBJ
C:\CODE\GAME_VOXELMASTER64\EXT_COMPILE\7Z\X64\RELEASE\7ZDEC.OBJ
C:\CODE\GAME_VOXELMASTER64\EXT_COMPILE\7Z\X64\RELEASE\7ZFILE.OBJ
C:\CODE\GAME_VOXELMASTER64\EXT_COMPILE\7Z\X64\RELEASE\7ZIN.OBJ
C:\CODE\GAME_VOXELMASTER64\EXT_COMPILE\7Z\X64\RELEASE\7ZSTREAM.OBJ
C:\CODE\GAME_VOXELMASTER64\EXT_COMPILE\7Z\X64\RELEASE\ALLOC.OBJ
C:\CODE\GAME_VOXELMASTER64\EXT_COMPILE\7Z\X64\RELEASE\BCJ2.OBJ
C:\CODE\GAME_VOXELMASTER64\EXT_COMPILE\7Z\X64\RELEASE\BRA.OBJ
C:\CODE\GAME_VOXELMASTER64\EXT_COMPILE\7Z\X64\RELEASE\BRA86.OBJ
C:\CODE\GAME_VOXELMASTER64\EXT_COMPILE\7Z\X64\RELEASE\BRAIA64.OBJ
C:\code\GAME_VoxelMaster64\EXT_compile\7z\x64\Release\cl.command.1.tlog
C:\code\GAME_VoxelMaster64\EXT_compile\7z\x64\Release\CL.read.1.tlog
C:\code\GAME_VoxelMaster64\EXT_compile\7z\x64\Release\CL.write.1.tlog
C:\CODE\GAME_VOXELMASTER64\EXT_COMPILE\7Z\X64\RELEASE\CPUARCH.OBJ
C:\CODE\GAME_VOXELMASTER64\EXT_COMPILE\7Z\X64\RELEASE\DELTA.OBJ
C:\code\GAME_VoxelMaster64\EXT_compile\7z\x64\Release\lib.command.1.tlog
C:\code\GAME_VoxelMaster64\EXT_compile\7z\x64\Release\Lib-link.read.1.tlog
C:\code\GAME_VoxelMaster64\EXT_compile\7z\x64\Release\Lib-link.write.1.tlog
C:\CODE\GAME_VOXELMASTER64\EXT_COMPILE\7Z\X64\RELEASE\LZFIND.OBJ
C:\CODE\GAME_VOXELMASTER64\EXT_COMPILE\7Z\X64\RELEASE\LZFINDMT.OBJ
C:\CODE\GAME_VOXELMASTER64\EXT_COMPILE\7Z\X64\RELEASE\LZMA2DEC.OBJ
C:\CODE\GAME_VOXELMASTER64\EXT_COMPILE\7Z\X64\RELEASE\LZMA2ENC.OBJ
C:\CODE\GAME_VOXELMASTER64\EXT_COMPILE\7Z\X64\RELEASE\LZMA86DEC.OBJ
C:\CODE\GAME_VOXELMASTER64\EXT_COMPILE\7Z\X64\RELEASE\LZMA86ENC.OBJ
C:\CODE\GAME_VOXELMASTER64\EXT_COMPILE\7Z\X64\RELEASE\LZMADEC.OBJ
C:\CODE\GAME_VOXELMASTER64\EXT_COMPILE\7Z\X64\RELEASE\LZMAENC.OBJ
C:\CODE\GAME_VOXELMASTER64\EXT_COMPILE\7Z\X64\RELEASE\LZMALIB.OBJ
C:\CODE\GAME_VOXELMASTER64\EXT_COMPILE\7Z\X64\RELEASE\MTCODER.OBJ
C:\CODE\GAME_VOXELMASTER64\EXT_COMPILE\7Z\X64\RELEASE\PPMD7.OBJ
C:\CODE\GAME_VOXELMASTER64\EXT_COMPILE\7Z\X64\RELEASE\PPMD7DEC.OBJ
C:\CODE\GAME_VOXELMASTER64\EXT_COMPILE\7Z\X64\RELEASE\PPMD7ENC.OBJ
C:\CODE\GAME_VOXELMASTER64\EXT_COMPILE\7Z\X64\RELEASE\SHA256.OBJ
C:\CODE\GAME_VOXELMASTER64\EXT_COMPILE\7Z\X64\RELEASE\THREADS.OBJ
C:\CODE\GAME_VOXELMASTER64\EXT_COMPILE\7Z\X64\RELEASE\VCWINDOWS7.1SDK.PDB
C:\CODE\GAME_VOXELMASTER64\EXT_COMPILE\7Z\X64\RELEASE\XZ.OBJ
C:\CODE\GAME_VOXELMASTER64\EXT_COMPILE\7Z\X64\RELEASE\XZCRC64.OBJ
C:\CODE\GAME_VOXELMASTER64\EXT_COMPILE\7Z\X64\RELEASE\XZDEC.OBJ
C:\CODE\GAME_VOXELMASTER64\EXT_COMPILE\7Z\X64\RELEASE\XZENC.OBJ
C:\CODE\GAME_VOXELMASTER64\EXT_COMPILE\7Z\X64\RELEASE\XZIN.OBJ
