C:\code\GAME_VoxelMaster64\EXT_compile\7z\.\Release\7z_image.vcxproj.lib
C:\CODE\GAME_VOXELMASTER64\EXT_COMPILE\7Z\RELEASE\7Z_IMAGE.VCXPROJ.LIB
C:\CODE\GAME_VOXELMASTER64\EXT_COMPILE\7Z\RELEASE\7ZALLOC.OBJ
C:\CODE\GAME_VOXELMASTER64\EXT_COMPILE\7Z\RELEASE\7ZBUF.OBJ
C:\CODE\GAME_VOXELMASTER64\EXT_COMPILE\7Z\RELEASE\7ZBUF2.OBJ
C:\CODE\GAME_VOXELMASTER64\EXT_COMPILE\7Z\RELEASE\7ZCRC.OBJ
C:\CODE\GAME_VOXELMASTER64\EXT_COMPILE\7Z\RELEASE\7ZCRCOPT.OBJ
C:\CODE\GAME_VOXELMASTER64\EXT_COMPILE\7Z\RELEASE\7ZDEC.OBJ
C:\CODE\GAME_VOXELMASTER64\EXT_COMPILE\7Z\RELEASE\7ZFILE.OBJ
C:\CODE\GAME_VOXELMASTER64\EXT_COMPILE\7Z\RELEASE\7ZIN.OBJ
C:\CODE\GAME_VOXELMASTER64\EXT_COMPILE\7Z\RELEASE\7ZSTREAM.OBJ
C:\CODE\GAME_VOXELMASTER64\EXT_COMPILE\7Z\RELEASE\ALLOC.OBJ
C:\CODE\GAME_VOXELMASTER64\EXT_COMPILE\7Z\RELEASE\BCJ2.OBJ
C:\CODE\GAME_VOXELMASTER64\EXT_COMPILE\7Z\RELEASE\BRA.OBJ
C:\CODE\GAME_VOXELMASTER64\EXT_COMPILE\7Z\RELEASE\BRA86.OBJ
C:\CODE\GAME_VOXELMASTER64\EXT_COMPILE\7Z\RELEASE\BRAIA64.OBJ
C:\code\GAME_VoxelMaster64\EXT_compile\7z\Release\cl.command.1.tlog
C:\code\GAME_VoxelMaster64\EXT_compile\7z\Release\CL.read.1.tlog
C:\code\GAME_VoxelMaster64\EXT_compile\7z\Release\CL.write.1.tlog
C:\CODE\GAME_VOXELMASTER64\EXT_COMPILE\7Z\RELEASE\CPUARCH.OBJ
C:\CODE\GAME_VOXELMASTER64\EXT_COMPILE\7Z\RELEASE\DELTA.OBJ
C:\code\GAME_VoxelMaster64\EXT_compile\7z\Release\lib.command.1.tlog
C:\code\GAME_VoxelMaster64\EXT_compile\7z\Release\Lib-link.read.1.tlog
C:\code\GAME_VoxelMaster64\EXT_compile\7z\Release\Lib-link.write.1.tlog
C:\CODE\GAME_VOXELMASTER64\EXT_COMPILE\7Z\RELEASE\LZFIND.OBJ
C:\CODE\GAME_VOXELMASTER64\EXT_COMPILE\7Z\RELEASE\LZFINDMT.OBJ
C:\CODE\GAME_VOXELMASTER64\EXT_COMPILE\7Z\RELEASE\LZMA2DEC.OBJ
C:\CODE\GAME_VOXELMASTER64\EXT_COMPILE\7Z\RELEASE\LZMA2ENC.OBJ
C:\CODE\GAME_VOXELMASTER64\EXT_COMPILE\7Z\RELEASE\LZMA86DEC.OBJ
C:\CODE\GAME_VOXELMASTER64\EXT_COMPILE\7Z\RELEASE\LZMA86ENC.OBJ
C:\CODE\GAME_VOXELMASTER64\EXT_COMPILE\7Z\RELEASE\LZMADEC.OBJ
C:\CODE\GAME_VOXELMASTER64\EXT_COMPILE\7Z\RELEASE\LZMAENC.OBJ
C:\CODE\GAME_VOXELMASTER64\EXT_COMPILE\7Z\RELEASE\LZMALIB.OBJ
C:\CODE\GAME_VOXELMASTER64\EXT_COMPILE\7Z\RELEASE\MTCODER.OBJ
C:\CODE\GAME_VOXELMASTER64\EXT_COMPILE\7Z\RELEASE\PPMD7.OBJ
C:\CODE\GAME_VOXELMASTER64\EXT_COMPILE\7Z\RELEASE\PPMD7DEC.OBJ
C:\CODE\GAME_VOXELMASTER64\EXT_COMPILE\7Z\RELEASE\PPMD7ENC.OBJ
C:\CODE\GAME_VOXELMASTER64\EXT_COMPILE\7Z\RELEASE\SHA256.OBJ
C:\CODE\GAME_VOXELMASTER64\EXT_COMPILE\7Z\RELEASE\THREADS.OBJ
C:\CODE\GAME_VOXELMASTER64\EXT_COMPILE\7Z\RELEASE\VC100.PDB
C:\CODE\GAME_VOXELMASTER64\EXT_COMPILE\7Z\RELEASE\XZ.OBJ
C:\CODE\GAME_VOXELMASTER64\EXT_COMPILE\7Z\RELEASE\XZCRC64.OBJ
C:\CODE\GAME_VOXELMASTER64\EXT_COMPILE\7Z\RELEASE\XZDEC.OBJ
C:\CODE\GAME_VOXELMASTER64\EXT_COMPILE\7Z\RELEASE\XZENC.OBJ
C:\CODE\GAME_VOXELMASTER64\EXT_COMPILE\7Z\RELEASE\XZIN.OBJ
